Arguments: 
  /Users/satishbabariya/.nvm/versions/node/v16.13.0/bin/node /usr/local/Cellar/yarn/1.22.17_2/libexec/bin/yarn.js

PATH: 
  /Users/satishbabariya/.wasmtime/bin:/Users/satishbabariya/.nvm/versions/node/v16.13.0/bin:/usr/local/bin:/usr/bin:/bin:/usr/sbin:/sbin:/usr/local/go/bin:/Library/Apple/usr/bin:/Users/satishbabariya/.wasmtime/bin:/Users/satishbabariya/.nvm/versions/node/v16.13.0/bin:/Users/satishbabariya/.cargo/bin:/Users/satishbabariya/go/bin:/Users/satishbabariya/Documents/flutter/bin:/Users/satishbabariya/.pub-cache/bin:/Users/satishbabariya/.mint/bin:/usr/local/go:/Users/satishbabariya/go:/Users/satishbabariya/go/bin:/Users/satishbabariya/Documents/flutter/bin:/Users/satishbabariya/.pub-cache/bin:/Users/satishbabariya/.mint/bin:/usr/local/go:/Users/satishbabariya/go:/Users/satishbabariya/go/bin

Yarn version: 
  1.22.17

Node version: 
  16.13.0

Platform: 
  darwin x64

Trace: 
  SyntaxError: /Users/satishbabariya/Desktop/manganato/package.json: Unexpected string in JSON at position 172
      at JSON.parse (<anonymous>)
      at /usr/local/Cellar/yarn/1.22.17_2/libexec/lib/cli.js:1625:59
      at Generator.next (<anonymous>)
      at step (/usr/local/Cellar/yarn/1.22.17_2/libexec/lib/cli.js:310:30)
      at /usr/local/Cellar/yarn/1.22.17_2/libexec/lib/cli.js:321:13

npm manifest: 
  {
    "name": "manganato",
    "version": "1.0.0",
    "main": "index.js",
    "license": "MIT",
    "devDependencies": {
      "@prisma/client": "3.10.0",
      "prisma": "^3.10.0"
      "ts-node": "10.6.0",
      "typescript": "4.6.2",
      "@types/node": "16.11.26"
    },
    "scripts": {
      "dev": "ts-node ./script.ts"
    },
    "dependencies": {
      "@prisma/client": "3.10.0"
    },
    "engines": {
      "node": ">=12.2.0"
    }
  }

yarn manifest: 
  No manifest

Lockfile: 
  # THIS IS AN AUTOGENERATED FILE. DO NOT EDIT THIS FILE DIRECTLY.
  # yarn lockfile v1
  
  
  "@prisma/client@3.10.0":
    version "3.10.0"
    resolved "https://registry.yarnpkg.com/@prisma/client/-/client-3.10.0.tgz#4782fe6f1b0e43c2a11a75ad4bb1098599d1dfb1"
    integrity sha512-6P4sV7WFuODSfSoSEzCH1qfmWMrCUBk1LIIuTbQf6m1LI/IOpLN4lnqGDmgiBGprEzuWobnGLfe9YsXLn0inrg==
    dependencies:
      "@prisma/engines-version" "3.10.0-50.73e60b76d394f8d37d8ebd1f8918c79029f0db86"
  
  "@prisma/engines-version@3.10.0-50.73e60b76d394f8d37d8ebd1f8918c79029f0db86":
    version "3.10.0-50.73e60b76d394f8d37d8ebd1f8918c79029f0db86"
    resolved "https://registry.yarnpkg.com/@prisma/engines-version/-/engines-version-3.10.0-50.73e60b76d394f8d37d8ebd1f8918c79029f0db86.tgz#82750856fa637dd89b8f095d2dcc6ac0631231c6"
    integrity sha512-cVYs5gyQH/qyut24hUvDznCfPrWiNMKNfPb9WmEoiU6ihlkscIbCfkmuKTtspVLWRdl0LqjYEC7vfnPv17HWhw==
  
  "@prisma/engines@3.10.0-50.73e60b76d394f8d37d8ebd1f8918c79029f0db86":
    version "3.10.0-50.73e60b76d394f8d37d8ebd1f8918c79029f0db86"
    resolved "https://registry.yarnpkg.com/@prisma/engines/-/engines-3.10.0-50.73e60b76d394f8d37d8ebd1f8918c79029f0db86.tgz#2964113729a78b8b21e186b5592affd1fde73c16"
    integrity sha512-LjRssaWu9w2SrXitofnutRIyURI7l0veQYIALz7uY4shygM9nMcK3omXcObRm7TAcw3Z+9ytfK1B+ySOsOesxQ==
  
  prisma@^3.10.0:
    version "3.10.0"
    resolved "https://registry.yarnpkg.com/prisma/-/prisma-3.10.0.tgz#872d87afbeb1cbcaa77c3d6a63c125e0d704b04d"
    integrity sha512-dAld12vtwdz9Rz01nOjmnXe+vHana5PSog8t0XGgLemKsUVsaupYpr74AHaS3s78SaTS5s2HOghnJF+jn91ZrA==
    dependencies:
      "@prisma/engines" "3.10.0-50.73e60b76d394f8d37d8ebd1f8918c79029f0db86"
  
  typescript@^4.6.2:
    version "4.6.2"
    resolved "https://registry.yarnpkg.com/typescript/-/typescript-4.6.2.tgz#fe12d2727b708f4eef40f51598b3398baa9611d4"
    integrity sha512-HM/hFigTBHZhLXshn9sN37H085+hQGeJHJ/X7LpBWLID/fbc2acUMfU+lGD98X81sKP+pFa9f0DZmCwB9GnbAg==
